{"ts":"2026-03-15T07:52:48.662Z","level":"info","msg":"Access API (cleaned) running on port 3000","service":"access-api","port":"3000"}
{"ts":"2026-03-15T08:17:14.179Z","level":"info","msg":"Order comment updated","service":"access-api","requestId":"6a457b4f-7d14-47f8-b30b-ccba8fa01453","method":"PATCH","path":"/customers/40831/2/comment","kdNr":"40831","auftragsID":"2"}
{"ts":"2026-03-15T08:22:01.881Z","level":"info","msg":"Order comment updated","service":"access-api","requestId":"36442c67-fdba-4c61-98eb-315a984f921a","method":"PATCH","path":"/customers/40831/2/comment","kdNr":"40831","auftragsID":"2"}
{"ts":"2026-03-15T08:38:54.184Z","level":"info","msg":"Customer orders read","service":"access-api","requestId":"3d8a0c2e-29d2-44ef-8d7d-e65f20cc1b30","method":"GET","path":"/customers/40831/orders","kdNr":"40831","rowCount":3}
{"ts":"2026-03-15T08:39:28.926Z","level":"info","msg":"Customer orders read","service":"access-api","requestId":"053c8138-0f8e-47b4-8384-f70510151b4a","method":"GET","path":"/customers/40831/orders","kdNr":"40831","rowCount":3}
{"ts":"2026-03-15T08:40:16.075Z","level":"info","msg":"Customer orders read","service":"access-api","requestId":"77c8a416-cd9b-4a4b-9a50-769d48f960b0","method":"GET","path":"/customers/40831/orders","kdNr":"40831","rowCount":3}
{"ts":"2026-03-15T08:41:44.420Z","level":"info","msg":"Customer orders read","service":"access-api","requestId":"4df744c1-99f5-49fa-915b-c9e838f1564e","method":"GET","path":"/customers/40831/orders","kdNr":"40831","rowCount":3}
{"ts":"2026-03-15T08:42:37.015Z","level":"info","msg":"Customer orders read","service":"access-api","requestId":"cb6d91c0-69ea-41ce-9973-4cf8325be9f8","method":"GET","path":"/customers/40831/orders","kdNr":"40831","rowCount":3}
{"ts":"2026-03-15T08:42:47.493Z","level":"info","msg":"Customer orders read","service":"access-api","requestId":"08a5f392-cf80-4234-a3af-cea0a7e69f0d","method":"GET","path":"/customers/40831/orders","kdNr":"40831","rowCount":3}
{"ts":"2026-03-15T08:43:09.734Z","level":"info","msg":"Customer orders read","service":"access-api","requestId":"85d9fbf8-c546-473f-8d7d-b8387c36671d","method":"GET","path":"/customers/40831/orders","kdNr":"40831","rowCount":3}
{"ts":"2026-03-15T08:43:20.207Z","level":"info","msg":"Customer orders read","service":"access-api","requestId":"d9655e68-bfe3-4959-90e5-55598c0d71ee","method":"GET","path":"/customers/40831/orders","kdNr":"40831","rowCount":3}
{"ts":"2026-03-15T08:43:30.669Z","level":"info","msg":"Customer orders read","service":"access-api","requestId":"aae08fad-123e-4b86-84d1-b1ef2fb8b041","method":"GET","path":"/customers/40831/orders","kdNr":"40831","rowCount":3}
{"ts":"2026-03-15T08:43:41.124Z","level":"info","msg":"Customer orders read","service":"access-api","requestId":"16f05b39-aca7-4904-b468-75b9cf8c2adc","method":"GET","path":"/customers/40831/orders","kdNr":"40831","rowCount":3}
{"ts":"2026-03-15T08:43:51.593Z","level":"info","msg":"Customer orders read","service":"access-api","requestId":"361732cc-4fc5-4058-b6d2-817e3ab3486a","method":"GET","path":"/customers/40831/orders","kdNr":"40831","rowCount":3}
{"ts":"2026-03-15T08:44:02.029Z","level":"info","msg":"Customer orders read","service":"access-api","requestId":"cd979d8a-71a3-4570-b968-8c6c49650e7d","method":"GET","path":"/customers/40831/orders","kdNr":"40831","rowCount":3}
{"ts":"2026-03-15T08:44:12.475Z","level":"info","msg":"Customer orders read","service":"access-api","requestId":"6b2ee145-34aa-4539-8020-6243c1aff18d","method":"GET","path":"/customers/40831/orders","kdNr":"40831","rowCount":3}
{"ts":"2026-03-15T08:44:22.950Z","level":"info","msg":"Customer orders read","service":"access-api","requestId":"863a1d9e-5e48-4dd7-9455-ae0742dfb923","method":"GET","path":"/customers/40831/orders","kdNr":"40831","rowCount":3}
{"ts":"2026-03-15T08:44:33.402Z","level":"info","msg":"Customer orders read","service":"access-api","requestId":"f69998fb-5ea1-4d96-99ee-6411f64a7fe6","method":"GET","path":"/customers/40831/orders","kdNr":"40831","rowCount":3}
{"ts":"2026-03-15T08:44:43.867Z","level":"info","msg":"Customer orders read","service":"access-api","requestId":"8c8e7477-66ea-4ab3-a998-e8c0a43b47a5","method":"GET","path":"/customers/40831/orders","kdNr":"40831","rowCount":3}
{"ts":"2026-03-15T08:44:54.268Z","level":"info","msg":"Customer orders read","service":"access-api","requestId":"d94fa866-a714-4e7a-8825-56f2d6113035","method":"GET","path":"/customers/40831/orders","kdNr":"40831","rowCount":3}
{"ts":"2026-03-15T08:45:04.717Z","level":"info","msg":"Customer orders read","service":"access-api","requestId":"d1d4214e-a587-469b-94c8-f5d205138e24","method":"GET","path":"/customers/40831/orders","kdNr":"40831","rowCount":3}
{"ts":"2026-03-15T08:45:15.172Z","level":"info","msg":"Customer orders read","service":"access-api","requestId":"db3935fd-7442-4ed2-8573-b6a34ece3322","method":"GET","path":"/customers/40831/orders","kdNr":"40831","rowCount":3}
{"ts":"2026-03-15T08:45:25.626Z","level":"info","msg":"Customer orders read","service":"access-api","requestId":"7da4b3db-a8cb-4f05-9792-a3ec3385da3b","method":"GET","path":"/customers/40831/orders","kdNr":"40831","rowCount":3}
{"ts":"2026-03-15T08:45:36.065Z","level":"info","msg":"Customer orders read","service":"access-api","requestId":"ba9df2a1-fbad-433b-b6a3-645f02e9d1d1","method":"GET","path":"/customers/40831/orders","kdNr":"40831","rowCount":3}
{"ts":"2026-03-15T08:45:46.504Z","level":"info","msg":"Customer orders read","service":"access-api","requestId":"356d1ce4-41c3-49f2-941c-afcd7f4032ad","method":"GET","path":"/customers/40831/orders","kdNr":"40831","rowCount":3}
{"ts":"2026-03-15T08:45:56.938Z","level":"info","msg":"Customer orders read","service":"access-api","requestId":"36c190e5-f300-46a6-afde-acfaf4fffd4e","method":"GET","path":"/customers/40831/orders","kdNr":"40831","rowCount":3}
{"ts":"2026-03-15T08:46:07.364Z","level":"info","msg":"Customer orders read","service":"access-api","requestId":"220e4b56-7b75-48a6-9c7a-4ca3d4fce767","method":"GET","path":"/customers/40831/orders","kdNr":"40831","rowCount":3}
{"ts":"2026-03-15T08:46:17.793Z","level":"info","msg":"Customer orders read","service":"access-api","requestId":"df098f08-60ed-483b-839b-008b232b248f","method":"GET","path":"/customers/40831/orders","kdNr":"40831","rowCount":3}
{"ts":"2026-03-15T08:46:28.222Z","level":"info","msg":"Customer orders read","service":"access-api","requestId":"682f3e5f-9668-425d-896d-ee50977afbbf","method":"GET","path":"/customers/40831/orders","kdNr":"40831","rowCount":3}
