2026-02-28T18:58:50.864 DEBUG console - Starting WinSW in service mode.
2026-02-28T18:58:50.921 INFO  service - Starting D:\Tools\NVM\nodejs\node.exe
2026-02-28T18:58:50.996 INFO  service - Started process node (4072).
2026-02-28T18:58:51.028 INFO  service - Service started successfully.
2026-02-28T19:34:22.001 INFO  service - Stopping n8nApiService
2026-02-28T19:34:22.012 DEBUG service - ProcessKill 4072
2026-02-28T19:34:22.056 INFO  service - Child process 'node (4072)' canceled with code -1073741510.
2026-02-28T19:34:22.081 INFO  service - Finished n8nApiService
2026-02-28T19:34:22.082 INFO  service - Service was shut down successfully.
2026-03-01T09:11:41.647 DEBUG console - Starting WinSW in service mode.
2026-03-01T09:11:42.677 INFO  service - Starting D:\Tools\NVM\nodejs\node.exe
2026-03-01T09:11:43.814 INFO  service - Started process node (9360).
2026-03-01T09:11:43.896 INFO  service - Service started successfully.
2026-03-01T09:29:08.011 INFO  service - Stopping n8nApiService
2026-03-01T09:29:08.014 DEBUG service - ProcessKill 9360
2026-03-01T09:29:08.025 INFO  service - Child process 'node (9360)' canceled with code -1073741510.
2026-03-01T09:29:08.037 INFO  service - Finished n8nApiService
2026-03-01T09:29:08.038 INFO  service - Service stopped successfully.
2026-03-01T09:31:33.464 DEBUG console - Starting WinSW in service mode.
2026-03-01T09:31:33.505 INFO  console - Service 'n8n API Service (n8nApiService)' was refreshed successfully.
2026-03-01T09:31:33.522 INFO  service - Starting D:\Tools\NVM\nodejs\node.exe
2026-03-01T09:31:33.738 INFO  service - Started process node (20664).
2026-03-01T09:31:33.770 INFO  service - Service started successfully.
2026-03-01T09:32:42.470 INFO  service - Stopping n8nApiService
2026-03-01T09:32:42.472 DEBUG service - ProcessKill 20664
2026-03-01T09:32:42.481 INFO  service - Child process 'node (20664)' canceled with code -1073741510.
2026-03-01T09:32:42.493 INFO  service - Finished n8nApiService
2026-03-01T09:32:42.494 INFO  service - Service stopped successfully.
2026-03-01T09:32:44.075 DEBUG console - Starting WinSW in service mode.
2026-03-01T09:32:44.116 INFO  console - Service 'n8n API Service (n8nApiService)' was refreshed successfully.
2026-03-01T09:32:44.134 INFO  service - Starting D:\Tools\NVM\nodejs\node.exe
2026-03-01T09:32:44.207 INFO  service - Started process node (1432).
2026-03-01T09:32:44.237 INFO  service - Service started successfully.
2026-03-01T09:33:44.115 INFO  service - Stopping n8nApiService
2026-03-01T09:33:44.117 DEBUG service - ProcessKill 1432
2026-03-01T09:33:44.127 INFO  service - Child process 'node (1432)' canceled with code -1073741510.
2026-03-01T09:33:44.138 INFO  service - Finished n8nApiService
2026-03-01T09:33:44.138 INFO  service - Service stopped successfully.
2026-03-01T09:33:45.735 DEBUG console - Starting WinSW in service mode.
2026-03-01T09:33:45.775 INFO  console - Service 'n8n API Service (n8nApiService)' was refreshed successfully.
2026-03-01T09:33:45.793 INFO  service - Starting D:\Tools\NVM\nodejs\node.exe
2026-03-01T09:33:45.869 INFO  service - Started process node (19916).
2026-03-01T09:33:45.899 INFO  service - Service started successfully.
2026-03-01T09:34:50.102 INFO  service - Stopping n8nApiService
2026-03-01T09:34:50.104 DEBUG service - ProcessKill 19916
2026-03-01T09:34:50.114 INFO  service - Child process 'node (19916)' canceled with code -1073741510.
2026-03-01T09:34:50.126 INFO  service - Finished n8nApiService
2026-03-01T09:34:50.126 INFO  service - Service stopped successfully.
2026-03-01T09:34:51.752 DEBUG console - Starting WinSW in service mode.
2026-03-01T09:34:51.793 INFO  console - Service 'n8n API Service (n8nApiService)' was refreshed successfully.
2026-03-01T09:34:51.811 INFO  service - Starting D:\Tools\NVM\nodejs\node.exe
2026-03-01T09:34:51.883 INFO  service - Started process node (18628).
2026-03-01T09:34:51.913 INFO  service - Service started successfully.
2026-03-01T10:43:20.263 INFO  service - Stopping n8nApiService
2026-03-01T10:43:20.265 DEBUG service - ProcessKill 18628
2026-03-01T10:43:20.275 INFO  service - Child process 'node (18628)' canceled with code -1073741510.
2026-03-01T10:43:20.288 INFO  service - Finished n8nApiService
2026-03-01T10:43:20.288 INFO  service - Service stopped successfully.
2026-03-01T10:43:21.884 DEBUG console - Starting WinSW in service mode.
2026-03-01T10:43:21.925 INFO  console - Service 'n8n API Service (n8nApiService)' was refreshed successfully.
2026-03-01T10:43:21.942 INFO  service - Starting D:\Tools\NVM\nodejs\node.exe
2026-03-01T10:43:22.015 INFO  service - Started process node (20860).
2026-03-01T10:43:22.050 INFO  service - Service started successfully.
2026-03-01T10:57:04.833 INFO  service - Stopping n8nApiService
2026-03-01T10:57:04.835 DEBUG service - ProcessKill 20860
2026-03-01T10:57:04.845 INFO  service - Child process 'node (20860)' canceled with code -1073741510.
2026-03-01T10:57:04.856 INFO  service - Finished n8nApiService
2026-03-01T10:57:04.857 INFO  service - Service stopped successfully.
2026-03-01T10:57:06.491 DEBUG console - Starting WinSW in service mode.
2026-03-01T10:57:06.532 INFO  console - Service 'n8n API Service (n8nApiService)' was refreshed successfully.
2026-03-01T10:57:06.550 INFO  service - Starting D:\Tools\NVM\nodejs\node.exe
2026-03-01T10:57:06.623 INFO  service - Started process node (7268).
2026-03-01T10:57:06.654 INFO  service - Service started successfully.
2026-03-01T10:59:42.319 INFO  service - Stopping n8nApiService
2026-03-01T10:59:42.321 DEBUG service - ProcessKill 7268
2026-03-01T10:59:42.331 INFO  service - Child process 'node (7268)' canceled with code -1073741510.
2026-03-01T10:59:42.342 INFO  service - Finished n8nApiService
2026-03-01T10:59:42.343 INFO  service - Service stopped successfully.
2026-03-01T10:59:43.925 DEBUG console - Starting WinSW in service mode.
2026-03-01T10:59:43.965 INFO  console - Service 'n8n API Service (n8nApiService)' was refreshed successfully.
2026-03-01T10:59:43.983 INFO  service - Starting D:\Tools\NVM\nodejs\node.exe
2026-03-01T10:59:44.056 INFO  service - Started process node (20132).
2026-03-01T10:59:44.086 INFO  service - Service started successfully.
2026-03-01T12:03:18.926 INFO  service - Stopping n8nApiService
2026-03-01T12:03:18.928 DEBUG service - ProcessKill 20132
2026-03-01T12:03:18.938 INFO  service - Child process 'node (20132)' canceled with code -1073741510.
2026-03-01T12:03:18.950 INFO  service - Finished n8nApiService
2026-03-01T12:03:18.951 INFO  service - Service stopped successfully.
2026-03-01T12:03:44.272 DEBUG console - Starting WinSW in service mode.
2026-03-01T12:03:44.313 INFO  console - Service 'n8n API Service (n8nApiService)' was refreshed successfully.
2026-03-01T12:03:44.331 INFO  service - Starting D:\Tools\NVM\nodejs\node.exe
2026-03-01T12:03:44.407 INFO  service - Started process node (14628).
2026-03-01T12:03:44.439 INFO  service - Service started successfully.
2026-03-01T12:14:20.950 INFO  service - Stopping n8nApiService
2026-03-01T12:14:20.953 DEBUG service - ProcessKill 14628
2026-03-01T12:14:20.963 INFO  service - Child process 'node (14628)' canceled with code -1073741510.
2026-03-01T12:14:20.975 INFO  service - Finished n8nApiService
2026-03-01T12:14:20.976 INFO  service - Service stopped successfully.
2026-03-01T12:14:22.582 DEBUG console - Starting WinSW in service mode.
2026-03-01T12:14:22.622 INFO  console - Service 'n8n API Service (n8nApiService)' was refreshed successfully.
2026-03-01T12:14:22.640 INFO  service - Starting D:\Tools\NVM\nodejs\node.exe
2026-03-01T12:14:22.712 INFO  service - Started process node (13784).
2026-03-01T12:14:22.742 INFO  service - Service started successfully.
2026-03-01T19:40:07.321 INFO  service - Stopping n8nApiService
2026-03-01T19:40:07.324 DEBUG service - ProcessKill 13784
2026-03-01T19:40:07.337 INFO  service - Child process 'node (13784)' canceled with code -1073741510.
2026-03-01T19:40:07.351 INFO  service - Finished n8nApiService
2026-03-01T19:40:07.352 INFO  service - Service stopped successfully.
2026-03-02T08:36:17.553 DEBUG console - Starting WinSW in service mode.
2026-03-02T08:36:17.680 INFO  console - Service 'n8n API Service (n8nApiService)' was refreshed successfully.
2026-03-02T08:36:17.733 INFO  service - Starting D:\Tools\NVM\nodejs\node.exe
2026-03-02T08:36:18.507 INFO  service - Started process node (8756).
2026-03-02T08:36:18.650 INFO  service - Service started successfully.
2026-03-02T08:55:53.238 INFO  service - Stopping n8nApiService
2026-03-02T08:55:53.240 DEBUG service - ProcessKill 8756
2026-03-02T08:55:53.251 INFO  service - Child process 'node (8756)' canceled with code -1073741510.
2026-03-02T08:55:53.264 INFO  service - Finished n8nApiService
2026-03-02T08:55:53.264 INFO  service - Service stopped successfully.
2026-03-02T18:54:34.889 DEBUG console - Starting WinSW in service mode.
2026-03-02T18:54:34.932 INFO  console - Service 'n8n API Service (n8nApiService)' was refreshed successfully.
2026-03-02T18:54:34.950 INFO  service - Starting D:\Tools\NVM\nodejs\node.exe
2026-03-02T18:54:35.043 INFO  service - Started process node (2104).
2026-03-02T18:54:35.074 INFO  service - Service started successfully.
2026-03-02T19:13:26.361 INFO  service - Stopping n8nApiService
2026-03-02T19:13:26.363 DEBUG service - ProcessKill 2104
2026-03-02T19:13:26.373 INFO  service - Child process 'node (2104)' canceled with code -1073741510.
2026-03-02T19:13:26.385 INFO  service - Finished n8nApiService
2026-03-02T19:13:26.386 INFO  service - Service stopped successfully.
2026-03-02T19:13:27.978 DEBUG console - Starting WinSW in service mode.
2026-03-02T19:13:28.019 INFO  console - Service 'n8n API Service (n8nApiService)' was refreshed successfully.
2026-03-02T19:13:28.037 INFO  service - Starting D:\Tools\NVM\nodejs\node.exe
2026-03-02T19:13:28.124 INFO  service - Started process node (2280).
2026-03-02T19:13:28.155 INFO  service - Service started successfully.
2026-03-02T20:10:40.811 INFO  service - Stopping n8nApiService
2026-03-02T20:10:40.819 DEBUG service - ProcessKill 2280
2026-03-02T20:10:40.913 INFO  service - Child process 'node (2280)' canceled with code -1073741510.
2026-03-02T20:10:40.939 INFO  service - Finished n8nApiService
2026-03-02T20:10:40.940 INFO  service - Service was shut down successfully.
2026-03-03T07:53:11.800 DEBUG console - Starting WinSW in service mode.
2026-03-03T07:53:11.980 INFO  console - Service 'n8n API Service (n8nApiService)' was refreshed successfully.
2026-03-03T07:53:12.057 INFO  service - Starting D:\Tools\NVM\nodejs\node.exe
2026-03-03T07:53:12.725 INFO  service - Started process node (9224).
2026-03-03T07:53:12.831 INFO  service - Service started successfully.
2026-03-03T20:47:17.354 INFO  service - Stopping n8nApiService
2026-03-03T20:47:17.375 DEBUG service - ProcessKill 9224
2026-03-03T20:47:17.445 INFO  service - Child process 'node (9224)' canceled with code -1073741510.
2026-03-03T20:47:17.534 INFO  service - Finished n8nApiService
2026-03-03T20:47:17.534 INFO  service - Service was shut down successfully.
2026-03-04T07:30:27.793 DEBUG console - Starting WinSW in service mode.
2026-03-04T07:30:27.915 INFO  console - Service 'n8n API Service (n8nApiService)' was refreshed successfully.
2026-03-04T07:30:27.999 INFO  service - Starting D:\Tools\NVM\nodejs\node.exe
2026-03-04T07:30:28.724 INFO  service - Started process node (8408).
2026-03-04T07:30:28.801 INFO  service - Service started successfully.
2026-03-04T19:46:44.996 INFO  service - Stopping n8nApiService
2026-03-04T19:46:45.024 DEBUG service - ProcessKill 8408
2026-03-04T19:46:45.090 INFO  service - Child process 'node (8408)' canceled with code -1073741510.
2026-03-04T19:46:45.116 INFO  service - Finished n8nApiService
2026-03-04T19:46:45.117 INFO  service - Service was shut down successfully.
2026-03-05T07:35:37.404 DEBUG console - Starting WinSW in service mode.
2026-03-05T07:35:37.544 INFO  console - Service 'n8n API Service (n8nApiService)' was refreshed successfully.
2026-03-05T07:35:37.592 INFO  service - Starting D:\Tools\NVM\nodejs\node.exe
2026-03-05T07:35:38.421 INFO  service - Started process node (8932).
2026-03-05T07:35:38.541 INFO  service - Service started successfully.
2026-03-05T18:45:36.132 INFO  service - Stopping n8nApiService
2026-03-05T18:45:36.200 DEBUG service - ProcessKill 8932
2026-03-05T18:45:36.254 INFO  service - Child process 'node (8932)' canceled with code -1073741510.
2026-03-05T18:45:36.294 INFO  service - Finished n8nApiService
2026-03-05T18:45:36.298 INFO  service - Service was shut down successfully.
2026-03-06T09:16:45.389 DEBUG console - Starting WinSW in service mode.
2026-03-06T09:16:45.685 INFO  console - Service 'n8n API Service (n8nApiService)' was refreshed successfully.
2026-03-06T09:16:45.823 INFO  service - Starting D:\Tools\NVM\nodejs\node.exe
2026-03-06T09:16:47.264 INFO  service - Started process node (8460).
2026-03-06T09:16:47.333 INFO  service - Service started successfully.
2026-03-06T12:12:15.481 INFO  service - Stopping n8nApiService
2026-03-06T12:12:15.483 DEBUG service - ProcessKill 8460
2026-03-06T12:12:15.492 INFO  service - Child process 'node (8460)' canceled with code -1073741510.
2026-03-06T12:12:15.505 INFO  service - Finished n8nApiService
2026-03-06T12:12:15.506 INFO  service - Service stopped successfully.
2026-03-06T12:12:25.065 DEBUG console - Starting WinSW in service mode.
2026-03-06T12:12:25.105 INFO  console - Service 'n8n API Service (n8nApiService)' was refreshed successfully.
2026-03-06T12:12:25.123 INFO  service - Starting D:\Tools\NVM\nodejs\node.exe
2026-03-06T12:12:25.293 INFO  service - Started process node (20792).
2026-03-06T12:12:25.327 INFO  service - Service started successfully.
2026-03-06T12:13:14.675 INFO  service - Stopping n8nApiService
2026-03-06T12:13:14.677 DEBUG service - ProcessKill 20792
2026-03-06T12:13:14.686 INFO  service - Child process 'node (20792)' canceled with code -1073741510.
2026-03-06T12:13:14.697 INFO  service - Finished n8nApiService
2026-03-06T12:13:14.698 INFO  service - Service stopped successfully.
2026-03-06T12:13:16.304 DEBUG console - Starting WinSW in service mode.
2026-03-06T12:13:16.350 INFO  console - Service 'n8n API Service (n8nApiService)' was refreshed successfully.
2026-03-06T12:13:16.369 INFO  service - Starting D:\Tools\NVM\nodejs\node.exe
2026-03-06T12:13:16.449 INFO  service - Started process node (10708).
2026-03-06T12:13:16.478 INFO  service - Service started successfully.
2026-03-06T12:18:02.060 INFO  service - Stopping n8nApiService
2026-03-06T12:18:02.062 DEBUG service - ProcessKill 10708
2026-03-06T12:18:02.071 INFO  service - Child process 'node (10708)' canceled with code -1073741510.
2026-03-06T12:18:02.083 INFO  service - Finished n8nApiService
2026-03-06T12:18:02.083 INFO  service - Service stopped successfully.
2026-03-06T12:18:03.675 DEBUG console - Starting WinSW in service mode.
2026-03-06T12:18:03.715 INFO  console - Service 'n8n API Service (n8nApiService)' was refreshed successfully.
2026-03-06T12:18:03.732 INFO  service - Starting D:\Tools\NVM\nodejs\node.exe
2026-03-06T12:18:03.820 INFO  service - Started process node (5612).
2026-03-06T12:18:03.851 INFO  service - Service started successfully.
2026-03-06T13:06:44.441 INFO  service - Stopping n8nApiService
2026-03-06T13:06:44.443 DEBUG service - ProcessKill 5612
2026-03-06T13:06:44.452 INFO  service - Child process 'node (5612)' canceled with code -1073741510.
2026-03-06T13:06:44.464 INFO  service - Finished n8nApiService
2026-03-06T13:06:44.464 INFO  service - Service stopped successfully.
2026-03-06T13:06:46.052 DEBUG console - Starting WinSW in service mode.
2026-03-06T13:06:46.091 INFO  console - Service 'n8n API Service (n8nApiService)' was refreshed successfully.
2026-03-06T13:06:46.109 INFO  service - Starting D:\Tools\NVM\nodejs\node.exe
2026-03-06T13:06:46.188 INFO  service - Started process node (15224).
2026-03-06T13:06:46.220 INFO  service - Service started successfully.
2026-03-06T14:38:43.815 INFO  service - Stopping n8nApiService
2026-03-06T14:38:43.817 DEBUG service - ProcessKill 15224
2026-03-06T14:38:43.827 INFO  service - Child process 'node (15224)' canceled with code -1073741510.
2026-03-06T14:38:43.839 INFO  service - Finished n8nApiService
2026-03-06T14:38:43.839 INFO  service - Service stopped successfully.
2026-03-06T14:38:45.459 DEBUG console - Starting WinSW in service mode.
2026-03-06T14:38:45.499 INFO  console - Service 'n8n API Service (n8nApiService)' was refreshed successfully.
2026-03-06T14:38:45.516 INFO  service - Starting D:\Tools\NVM\nodejs\node.exe
2026-03-06T14:38:45.594 INFO  service - Started process node (4944).
2026-03-06T14:38:45.625 INFO  service - Service started successfully.
2026-03-06T14:42:00.614 INFO  service - Stopping n8nApiService
2026-03-06T14:42:00.616 DEBUG service - ProcessKill 4944
2026-03-06T14:42:00.627 INFO  service - Child process 'node (4944)' canceled with code -1073741510.
2026-03-06T14:42:00.640 INFO  service - Finished n8nApiService
2026-03-06T14:42:00.641 INFO  service - Service stopped successfully.
2026-03-06T14:42:02.245 DEBUG console - Starting WinSW in service mode.
2026-03-06T14:42:02.285 INFO  console - Service 'n8n API Service (n8nApiService)' was refreshed successfully.
2026-03-06T14:42:02.301 INFO  service - Starting D:\Tools\NVM\nodejs\node.exe
2026-03-06T14:42:02.373 INFO  service - Started process node (2392).
2026-03-06T14:42:02.403 INFO  service - Service started successfully.
2026-03-06T14:45:52.949 INFO  service - Stopping n8nApiService
2026-03-06T14:45:52.952 DEBUG service - ProcessKill 2392
2026-03-06T14:45:52.960 INFO  service - Child process 'node (2392)' canceled with code -1073741510.
2026-03-06T14:45:52.973 INFO  service - Finished n8nApiService
2026-03-06T14:45:52.973 INFO  service - Service stopped successfully.
2026-03-06T14:45:54.573 DEBUG console - Starting WinSW in service mode.
2026-03-06T14:45:54.612 INFO  console - Service 'n8n API Service (n8nApiService)' was refreshed successfully.
2026-03-06T14:45:54.630 INFO  service - Starting D:\Tools\NVM\nodejs\node.exe
2026-03-06T14:45:54.707 INFO  service - Started process node (18800).
2026-03-06T14:45:54.738 INFO  service - Service started successfully.
2026-03-06T14:56:56.596 INFO  service - Stopping n8nApiService
2026-03-06T14:56:56.598 DEBUG service - ProcessKill 18800
2026-03-06T14:56:56.608 INFO  service - Child process 'node (18800)' canceled with code -1073741510.
2026-03-06T14:56:56.620 INFO  service - Finished n8nApiService
2026-03-06T14:56:56.620 INFO  service - Service stopped successfully.
2026-03-06T14:56:58.232 DEBUG console - Starting WinSW in service mode.
2026-03-06T14:56:58.273 INFO  console - Service 'n8n API Service (n8nApiService)' was refreshed successfully.
2026-03-06T14:56:58.290 INFO  service - Starting D:\Tools\NVM\nodejs\node.exe
2026-03-06T14:56:58.361 INFO  service - Started process node (22244).
2026-03-06T14:56:58.391 INFO  service - Service started successfully.
2026-03-06T17:48:25.210 DEBUG console - Starting WinSW in service mode.
2026-03-06T17:48:25.330 INFO  console - Service 'n8n API Service (n8nApiService)' was refreshed successfully.
2026-03-06T17:48:25.411 INFO  service - Starting D:\Tools\NVM\nodejs\node.exe
2026-03-06T17:48:26.040 INFO  service - Started process node (8800).
2026-03-06T17:48:26.117 INFO  service - Service started successfully.
2026-03-06T19:24:02.280 INFO  service - Stopping n8nApiService
2026-03-06T19:24:02.292 DEBUG service - ProcessKill 8800
2026-03-06T19:24:02.368 INFO  service - Child process 'node (8800)' canceled with code -1073741510.
2026-03-06T19:24:02.415 INFO  service - Finished n8nApiService
2026-03-06T19:24:02.416 INFO  service - Service was shut down successfully.
2026-03-07T08:47:45.157 DEBUG console - Starting WinSW in service mode.
2026-03-07T08:47:45.250 INFO  console - Service 'n8n API Service (n8nApiService)' was refreshed successfully.
2026-03-07T08:47:45.302 INFO  service - Starting D:\Tools\NVM\nodejs\node.exe
2026-03-07T08:47:46.172 INFO  service - Started process node (8204).
2026-03-07T08:47:46.237 INFO  service - Service started successfully.
2026-03-07T09:36:24.201 INFO  service - Stopping n8nApiService
2026-03-07T09:36:24.204 DEBUG service - ProcessKill 8204
2026-03-07T09:36:24.213 INFO  service - Child process 'node (8204)' canceled with code -1073741510.
2026-03-07T09:36:24.224 INFO  service - Finished n8nApiService
2026-03-07T09:36:24.225 INFO  service - Service stopped successfully.
2026-03-07T09:36:25.995 DEBUG console - Starting WinSW in service mode.
2026-03-07T09:36:26.036 INFO  console - Service 'n8n API Service (n8nApiService)' was refreshed successfully.
2026-03-07T09:36:26.054 INFO  service - Starting D:\Tools\NVM\nodejs\node.exe
2026-03-07T09:36:26.140 INFO  service - Started process node (3208).
2026-03-07T09:36:26.171 INFO  service - Service started successfully.
2026-03-07T20:02:11.491 INFO  service - Stopping n8nApiService
2026-03-07T20:02:11.496 DEBUG service - ProcessKill 3208
2026-03-07T20:02:11.610 INFO  service - Child process 'node (3208)' canceled with code -1073741510.
2026-03-07T20:02:11.653 INFO  service - Finished n8nApiService
2026-03-07T20:02:11.654 INFO  service - Service was shut down successfully.
2026-03-08T09:20:00.796 DEBUG console - Starting WinSW in service mode.
2026-03-08T09:20:01.000 INFO  console - Service 'n8n API Service (n8nApiService)' was refreshed successfully.
2026-03-08T09:20:01.119 INFO  service - Starting D:\Tools\NVM\nodejs\node.exe
2026-03-08T09:20:01.942 INFO  service - Started process node (9608).
2026-03-08T09:20:02.008 INFO  service - Service started successfully.
2026-03-08T20:02:38.386 INFO  service - Stopping n8nApiService
2026-03-08T20:02:38.391 DEBUG service - ProcessKill 9608
2026-03-08T20:02:38.484 INFO  service - Child process 'node (9608)' canceled with code -1073741510.
2026-03-08T20:02:38.503 INFO  service - Finished n8nApiService
2026-03-08T20:02:38.503 INFO  service - Service was shut down successfully.
2026-03-09T17:13:50.310 DEBUG console - Starting WinSW in service mode.
2026-03-09T17:13:50.441 INFO  console - Service 'n8n API Service (n8nApiService)' was refreshed successfully.
2026-03-09T17:13:50.529 INFO  service - Starting D:\Tools\NVM\nodejs\node.exe
2026-03-09T17:13:51.232 INFO  service - Started process node (9752).
2026-03-09T17:13:51.308 INFO  service - Service started successfully.
2026-03-09T18:56:04.426 INFO  service - Stopping n8nApiService
2026-03-09T18:56:04.434 DEBUG service - ProcessKill 9752
2026-03-09T18:56:04.524 INFO  service - Child process 'node (9752)' canceled with code -1073741510.
2026-03-09T18:56:04.575 INFO  service - Finished n8nApiService
2026-03-09T18:56:04.575 INFO  service - Service was shut down successfully.
2026-03-10T07:48:10.076 DEBUG console - Starting WinSW in service mode.
2026-03-10T07:48:10.225 INFO  console - Service 'n8n API Service (n8nApiService)' was refreshed successfully.
2026-03-10T07:48:10.342 INFO  service - Starting D:\Tools\NVM\nodejs\node.exe
2026-03-10T07:48:10.474 INFO  service - Started process node (8388).
2026-03-10T07:48:10.556 INFO  service - Service started successfully.
2026-03-10T19:47:45.925 INFO  service - Stopping n8nApiService
2026-03-10T19:47:45.929 DEBUG service - ProcessKill 8388
2026-03-10T19:47:45.943 INFO  service - Child process 'node (8388)' canceled with code -1073741510.
2026-03-10T19:47:45.961 INFO  service - Finished n8nApiService
2026-03-10T19:47:45.962 INFO  service - Service stopped successfully.
2026-03-10T19:49:59.541 DEBUG console - Starting WinSW in service mode.
2026-03-10T19:49:59.583 INFO  console - Service 'n8n API Service (n8nApiService)' was refreshed successfully.
2026-03-10T19:49:59.600 INFO  service - Starting D:\Tools\NVM\nodejs\node.exe
2026-03-10T19:49:59.681 INFO  service - Started process node (3680).
2026-03-10T19:49:59.712 INFO  service - Service started successfully.
2026-03-10T19:57:40.545 WARN  service - Child process 'node (3680)' finished with code 1.
2026-03-10T20:11:13.785 DEBUG console - Starting WinSW in service mode.
2026-03-10T20:11:13.950 INFO  console - Service 'n8n API Service (n8nApiService)' was refreshed successfully.
2026-03-10T20:11:14.009 INFO  service - Starting D:\Tools\NVM\nodejs\node.exe
2026-03-10T20:11:14.738 INFO  service - Started process node (8980).
2026-03-10T20:11:14.855 INFO  service - Service started successfully.
2026-03-10T21:24:35.752 WARN  service - Child process 'node (8980)' finished with code 1.
2026-03-10T21:26:29.091 DEBUG console - Starting WinSW in service mode.
2026-03-10T21:26:29.131 INFO  console - Service 'n8n API Service (n8nApiService)' was refreshed successfully.
2026-03-10T21:26:29.151 INFO  service - Starting D:\Tools\NVM\nodejs\node.exe
2026-03-10T21:26:29.241 INFO  service - Started process node (20548).
2026-03-10T21:26:29.272 INFO  service - Service started successfully.
2026-03-10T22:44:40.880 INFO  service - Stopping n8nApiService
2026-03-10T22:44:40.888 DEBUG service - ProcessKill 20548
2026-03-10T22:44:40.954 INFO  service - Child process 'node (20548)' canceled with code -1073741510.
2026-03-10T22:44:40.976 INFO  service - Finished n8nApiService
2026-03-10T22:44:40.976 INFO  service - Service was shut down successfully.
2026-03-10T22:51:03.569 DEBUG console - Starting WinSW in service mode.
2026-03-10T22:51:03.754 INFO  console - Service 'n8n API Service (n8nApiService)' was refreshed successfully.
2026-03-10T22:51:03.808 INFO  service - Starting D:\Tools\NVM\nodejs\node.exe
2026-03-10T22:51:04.612 INFO  service - Started process node (8124).
2026-03-10T22:51:04.686 INFO  service - Service started successfully.
2026-03-10T22:54:38.878 INFO  service - Stopping n8nApiService
2026-03-10T22:54:38.892 DEBUG service - ProcessKill 8124
2026-03-10T22:54:38.982 INFO  service - Child process 'node (8124)' canceled with code -1073741510.
2026-03-10T22:54:39.027 INFO  service - Finished n8nApiService
2026-03-10T22:54:39.028 INFO  service - Service was shut down successfully.
2026-03-10T22:55:47.021 DEBUG console - Starting WinSW in service mode.
2026-03-10T22:55:47.134 INFO  console - Service 'n8n API Service (n8nApiService)' was refreshed successfully.
2026-03-10T22:55:47.187 INFO  service - Starting D:\Tools\NVM\nodejs\node.exe
2026-03-10T22:55:47.992 INFO  service - Started process node (7992).
2026-03-10T22:55:48.066 INFO  service - Service started successfully.
2026-03-10T22:58:33.439 INFO  service - Stopping n8nApiService
2026-03-10T22:58:33.450 DEBUG service - ProcessKill 7992
2026-03-10T22:58:33.544 INFO  service - Child process 'node (7992)' canceled with code -1073741510.
2026-03-10T22:58:33.572 INFO  service - Finished n8nApiService
2026-03-10T22:58:33.573 INFO  service - Service was shut down successfully.
2026-03-11T07:39:36.087 DEBUG console - Starting WinSW in service mode.
2026-03-11T07:39:36.203 INFO  console - Service 'n8n API Service (n8nApiService)' was refreshed successfully.
2026-03-11T07:39:36.276 INFO  service - Starting D:\Tools\NVM\nodejs\node.exe
2026-03-11T07:39:36.952 INFO  service - Started process node (9252).
2026-03-11T07:39:37.043 INFO  service - Service started successfully.
2026-03-11T15:38:08.016 INFO  service - Stopping n8nApiService
2026-03-11T15:38:08.058 DEBUG service - ProcessKill 9252
2026-03-11T15:38:08.149 INFO  service - Child process 'node (9252)' canceled with code -1073741510.
2026-03-11T15:38:08.183 INFO  service - Finished n8nApiService
2026-03-11T15:38:08.184 INFO  service - Service was shut down successfully.
2026-03-11T15:40:05.196 DEBUG console - Starting WinSW in service mode.
2026-03-11T15:40:05.400 INFO  console - Service 'n8n API Service (n8nApiService)' was refreshed successfully.
2026-03-11T15:40:05.461 INFO  service - Starting D:\Tools\NVM\nodejs\node.exe
2026-03-11T15:40:06.253 INFO  service - Started process node (8900).
2026-03-11T15:40:06.324 INFO  service - Service started successfully.
2026-03-11T21:49:30.530 INFO  service - Stopping n8nApiService
2026-03-11T21:49:30.535 DEBUG service - ProcessKill 8900
2026-03-11T21:49:30.679 INFO  service - Child process 'node (8900)' canceled with code -1073741510.
2026-03-11T21:49:30.756 INFO  service - Finished n8nApiService
2026-03-11T21:49:30.757 INFO  service - Service was shut down successfully.
2026-03-12T07:44:14.622 DEBUG console - Starting WinSW in service mode.
2026-03-12T07:44:14.779 INFO  console - Service 'n8n API Service (n8nApiService)' was refreshed successfully.
2026-03-12T07:44:14.842 INFO  service - Starting D:\Tools\NVM\nodejs\node.exe
2026-03-12T07:44:15.575 INFO  service - Started process node (6572).
2026-03-12T07:44:15.629 INFO  service - Service started successfully.
2026-03-12T09:48:54.937 INFO  service - Stopping n8nApiService
2026-03-12T09:48:54.948 DEBUG service - ProcessKill 6572
2026-03-12T09:48:54.984 INFO  service - Child process 'node (6572)' canceled with code -1073741510.
2026-03-12T09:48:55.006 INFO  service - Finished n8nApiService
2026-03-12T09:48:55.006 INFO  service - Service was shut down successfully.
2026-03-12T09:50:26.043 DEBUG console - Starting WinSW in service mode.
2026-03-12T09:50:26.170 INFO  console - Service 'n8n API Service (n8nApiService)' was refreshed successfully.
2026-03-12T09:50:26.238 INFO  service - Starting D:\Tools\NVM\nodejs\node.exe
2026-03-12T09:50:27.062 INFO  service - Started process node (9484).
2026-03-12T09:50:27.162 INFO  service - Service started successfully.
2026-03-12T21:13:03.626 INFO  service - Stopping n8nApiService
2026-03-12T21:13:03.631 DEBUG service - ProcessKill 9484
2026-03-12T21:13:03.671 INFO  service - Child process 'node (9484)' canceled with code -1073741510.
2026-03-12T21:13:03.705 INFO  service - Finished n8nApiService
2026-03-12T21:13:03.705 INFO  service - Service was shut down successfully.
2026-03-13T09:14:29.647 DEBUG console - Starting WinSW in service mode.
2026-03-13T09:14:30.031 INFO  console - Service 'n8n API Service (n8nApiService)' was refreshed successfully.
2026-03-13T09:14:30.191 INFO  service - Starting D:\Tools\NVM\nodejs\node.exe
2026-03-13T09:14:31.661 INFO  service - Started process node (8920).
2026-03-13T09:14:31.727 INFO  service - Service started successfully.
2026-03-13T17:23:53.032 DEBUG console - Starting WinSW in service mode.
2026-03-13T17:23:53.198 INFO  console - Service 'n8n API Service (n8nApiService)' was refreshed successfully.
2026-03-13T17:23:53.257 INFO  service - Starting D:\Tools\NVM\nodejs\node.exe
2026-03-13T17:23:54.075 INFO  service - Started process node (7000).
2026-03-13T17:23:54.140 INFO  service - Service started successfully.
2026-03-13T18:28:31.249 INFO  service - Stopping n8nApiService
2026-03-13T18:28:31.263 DEBUG service - ProcessKill 7000
2026-03-13T18:28:31.366 INFO  service - Child process 'node (7000)' canceled with code -1073741510.
2026-03-13T18:28:31.426 INFO  service - Finished n8nApiService
2026-03-13T18:28:31.427 INFO  service - Service was shut down successfully.
2026-03-14T09:11:19.378 DEBUG console - Starting WinSW in service mode.
2026-03-14T09:11:19.483 INFO  console - Service 'n8n API Service (n8nApiService)' was refreshed successfully.
2026-03-14T09:11:19.574 INFO  service - Starting D:\Tools\NVM\nodejs\node.exe
2026-03-14T09:11:20.243 INFO  service - Started process node (8828).
2026-03-14T09:11:20.297 INFO  service - Service started successfully.
2026-03-14T20:03:52.518 INFO  service - Stopping n8nApiService
2026-03-14T20:03:52.532 DEBUG service - ProcessKill 8828
2026-03-14T20:03:52.590 INFO  service - Child process 'node (8828)' canceled with code -1073741510.
2026-03-14T20:03:52.620 INFO  service - Finished n8nApiService
2026-03-14T20:03:52.621 INFO  service - Service was shut down successfully.
2026-03-15T08:16:32.019 DEBUG console - Starting WinSW in service mode.
2026-03-15T08:16:32.207 INFO  console - Service 'n8n API Service (n8nApiService)' was refreshed successfully.
2026-03-15T08:16:32.274 INFO  service - Starting D:\Tools\NVM\nodejs\node.exe
2026-03-15T08:16:33.114 INFO  service - Started process node (9296).
2026-03-15T08:16:33.201 INFO  service - Service started successfully.
2026-03-15T08:50:28.371 INFO  service - Stopping n8nApiService
2026-03-15T08:50:28.374 DEBUG service - ProcessKill 9296
2026-03-15T08:50:28.383 INFO  service - Child process 'node (9296)' canceled with code -1073741510.
2026-03-15T08:50:28.395 INFO  service - Finished n8nApiService
2026-03-15T08:50:28.395 INFO  service - Service stopped successfully.
2026-03-15T08:52:47.897 DEBUG console - Starting WinSW in service mode.
2026-03-15T08:52:47.939 INFO  console - Service 'n8n API Service (n8nApiService)' was refreshed successfully.
2026-03-15T08:52:47.957 INFO  service - Starting D:\Tools\NVM\nodejs\node.exe
2026-03-15T08:52:48.402 INFO  service - Started process node (19960).
2026-03-15T08:52:48.439 INFO  service - Service started successfully.
